<?xml version="1.0" encoding="UTF-8"?>
<!-- Generated by org.testng.reporters.JUnitReportReporter -->
<testsuite hostname="DESKTOP-4IMJ5PC" failures="0" tests="1" name="KSKAcademy.ExtentReports.ExtentReportDemo" time="86.835" errors="0" timestamp="27 Apr 2023 14:38:59 GMT" skipped="0">
  <testcase classname="KSKAcademy.ExtentReports.ExtentReportDemo" name="initialDemo" time="86.835"/>
</testsuite> <!-- KSKAcademy.ExtentReports.ExtentReportDemo -->
